
> grove@1.0.0 build
> next build

  Î“Ă»â–“ Next.js 14.2.35

   Creating an optimized production build ...
 Î“ÂŁĂ´ Compiled successfully
   Linting and checking validity of types ...
   Collecting page data ...
   Generating static pages (0/21) ...
   Generating static pages (5/21) 
   Generating static pages (10/21) 
   Generating static pages (15/21) 
 Î“ÂŁĂ´ Generating static pages (21/21)
   Finalizing page optimization ...
   Collecting build traces ...

Route (app)                              Size     First Load JS
Î“Ă¶Ă® Î“ĂąĂŻ /                                    787 B           152 kB
Î“Ă¶ÂŁ Î“ĂąĂŻ /_not-found                          138 B          87.5 kB
Î“Ă¶ÂŁ Î“ĂąĂŻ /announcements                       2.44 kB         173 kB
Î“Ă¶ÂŁ â•žĂ† /api/payments/callback               0 B                0 B
Î“Ă¶ÂŁ â•žĂ† /api/payments/initiate               0 B                0 B
Î“Ă¶ÂŁ â•žĂ† /api/reminders/check                 0 B                0 B
Î“Ă¶ÂŁ â•žĂ† /api/reminders/send                  0 B                0 B
Î“Ă¶ÂŁ Î“ĂąĂŻ /contributions                       3.08 kB         174 kB
Î“Ă¶ÂŁ Î“ĂąĂŻ /dashboard                           2.39 kB         168 kB
Î“Ă¶ÂŁ Î“ĂąĂŻ /fines                               3.21 kB         174 kB
Î“Ă¶ÂŁ Î“ĂąĂŻ /join                                2.86 kB         168 kB
Î“Ă¶ÂŁ â•žĂ† /join/[code]                         2.87 kB         159 kB
Î“Ă¶ÂŁ Î“ĂąĂŻ /loans                               3.42 kB         174 kB
Î“Ă¶ÂŁ Î“ĂąĂŻ /login                               4.13 kB         155 kB
Î“Ă¶ÂŁ Î“ĂąĂŻ /meetings                            3.37 kB         174 kB
Î“Ă¶ÂŁ Î“ĂąĂŻ /member                              2.07 kB         173 kB
Î“Ă¶ÂŁ Î“ĂąĂŻ /members                             3.28 kB         174 kB
Î“Ă¶ÂŁ Î“ĂąĂŻ /reminders                           3.15 kB         174 kB
Î“Ă¶ÂŁ Î“ĂąĂŻ /reports                             2.5 kB          173 kB
Î“Ă¶ÂŁ Î“ĂąĂŻ /settings                            7.05 kB         175 kB
Î“Ă¶Ă¶ Î“ĂąĂŻ /signup                              3.32 kB         168 kB
+ First Load JS shared by all            87.3 kB
  Î“Ă¶ÂŁ chunks/117-3fd4d5d7049ab693.js       31.7 kB
  Î“Ă¶ÂŁ chunks/fd9d1056-cd74f6cc4428ee37.js  53.6 kB
  Î“Ă¶Ă¶ other shared chunks (total)          1.95 kB


Î“ĂąĂŻ  (Static)   prerendered as static content
â•žĂ†  (Dynamic)  server-rendered on demand

